<?xml version="1.0" encoding="UTF-8"?>
<!-- Generated by org.testng.reporters.JUnitXMLReporter -->
<testsuite hostname="Tm-5-PC" name="Test" tests="2" failures="0" timestamp="16 Nov 2019 12:12:09 GMT" time="0.282" errors="0">
  <testcase name="@BeforeMethod launchBrowser" time="0.0" classname="com.tm.TestCases.TestCases_Leave">
    <failure type="org.openqa.selenium.WebDriverException" message="Cannot find firefox binary in PATH. Make sure firefox is installed. OS appears to be: VISTA
Build info: version: &amp;apos;2.53.1&amp;apos;, revision: &amp;apos;a36b8b1&amp;apos;, time: &amp;apos;2016-06-30 17:37:03&amp;apos;
System info: host: &amp;apos;Tm-5-PC&amp;apos;, ip: &amp;apos;192.168.1.43&amp;apos;, os.name: &amp;apos;Windows 7&amp;apos;, os.arch: &amp;apos;amd64&amp;apos;, os.version: &amp;apos;6.1&amp;apos;, java.version: &amp;apos;1.8.0_181&amp;apos;
Driver info: driver.version: FirefoxDriver">
      <![CDATA[org.openqa.selenium.WebDriverException: Cannot find firefox binary in PATH. Make sure firefox is installed. OS appears to be: VISTA
Build info: version: '2.53.1', revision: 'a36b8b1', time: '2016-06-30 17:37:03'
System info: host: 'Tm-5-PC', ip: '192.168.1.43', os.name: 'Windows 7', os.arch: 'amd64', os.version: '6.1', java.version: '1.8.0_181'
Driver info: driver.version: FirefoxDriver
	at org.openqa.selenium.firefox.internal.Executable.<init>(Executable.java:74)
	at org.openqa.selenium.firefox.FirefoxBinary.<init>(FirefoxBinary.java:60)
	at org.openqa.selenium.firefox.FirefoxBinary.<init>(FirefoxBinary.java:56)
	at org.openqa.selenium.firefox.FirefoxDriver.<init>(FirefoxDriver.java:120)
	at com.tm.BaseClass.BaseClass.launchBrowser(BaseClass.java:50)
... Removed 26 stack frames]]>
    </failure>
  </testcase> <!-- @BeforeMethod launchBrowser -->
  <testcase name="@AfterMethod closeBrowser" time="0.0" classname="com.tm.TestCases.TestCases_Leave">
    <skipped/>
  </testcase> <!-- @AfterMethod closeBrowser -->
  <testcase name="@BeforeMethod launchBrowser" time="0.0" classname="com.tm.TestCases.TestCases_Leave">
    <skipped/>
  </testcase> <!-- @BeforeMethod launchBrowser -->
  <testcase name="@AfterMethod closeBrowser" time="0.0" classname="com.tm.TestCases.TestCases_Leave">
    <skipped/>
  </testcase> <!-- @AfterMethod closeBrowser -->
  <testcase name="TC101_verifyLoginFunctionality" time="0.015" classname="com.tm.TestCases.TestCases_Leave">
    <skipped/>
  </testcase> <!-- TC101_verifyLoginFunctionality -->
  <testcase name="TC102_ApplyLeave" time="0.0" classname="com.tm.TestCases.TestCases_Leave">
    <skipped/>
  </testcase> <!-- TC102_ApplyLeave -->
</testsuite> <!-- Test -->
